<?xml version="1.0" encoding="UTF-8"?>
<!-- Generated by org.testng.reporters.JUnitReportReporter -->
<testsuite hostname="Q175" name="uk.ac.ox.ctus.testing.polymorphism.TestAnimal" tests="1" failures="0" timestamp="15 Mar 2016 17:46:05 GMT" time="0.023" errors="0">
  <testcase name="makeSoundTest" time="0.023" classname="uk.ac.ox.ctus.testing.polymorphism.TestAnimal"/>
</testsuite> <!-- uk.ac.ox.ctus.testing.polymorphism.TestAnimal -->
