<?xml version="1.0" encoding="UTF-8"?>
<!-- Generated by org.testng.reporters.JUnitReportReporter -->
<testsuite hostname="Q175" name="uk.ac.ox.ctus.testing.polymorphism.TestHuman" tests="2" failures="0" timestamp="15 Mar 2016 17:18:57 GMT" time="0.020" errors="0">
  <testcase name="goPeeTestArrayList" time="0.016" classname="uk.ac.ox.ctus.testing.polymorphism.TestHuman"/>
  <testcase name="goPeeTestArray" time="0.004" classname="uk.ac.ox.ctus.testing.polymorphism.TestHuman"/>
</testsuite> <!-- uk.ac.ox.ctus.testing.polymorphism.TestHuman -->
